[0.058s] Invoking command in '/home/ubuntu/dev_ws/src/build/articubot_one': CMAKE_PREFIX_PATH=/opt/ros/iron /usr/bin/cmake /home/ubuntu/dev_ws/src/articubot_one -DAMENT_CMAKE_SYMLINK_INSTALL=1 -DCMAKE_INSTALL_PREFIX=/home/ubuntu/dev_ws/src/install/articubot_one
[0.175s] -- The C compiler identification is GNU 11.4.0
[0.296s] -- The CXX compiler identification is GNU 11.4.0
[0.306s] -- Detecting C compiler ABI info
[0.406s] -- Detecting C compiler ABI info - done
[0.417s] -- Check for working C compiler: /usr/bin/cc - skipped
[0.418s] -- Detecting C compile features
[0.419s] -- Detecting C compile features - done
[0.424s] -- Detecting CXX compiler ABI info
[0.549s] -- Detecting CXX compiler ABI info - done
[0.564s] -- Check for working CXX compiler: /usr/bin/c++ - skipped
[0.564s] -- Detecting CXX compile features
[0.565s] -- Detecting CXX compile features - done
[0.568s] -- Found ament_cmake: 2.0.4 (/opt/ros/iron/share/ament_cmake/cmake)
[0.821s] -- Found Python3: /usr/bin/python3.10 (found version "3.10.12") found components: Interpreter 
[0.915s] -- Override CMake install command with custom implementation using symlinks instead of copying resources
[0.950s] -- Found ament_lint_auto: 0.14.3 (/opt/ros/iron/share/ament_lint_auto/cmake)
[1.032s] -- Added test 'copyright' to check source files copyright and LICENSE
[1.036s] -- Added test 'flake8' to check Python code syntax and style conventions
[1.036s] -- Configured 'flake8' exclude dirs and/or files: 
[1.037s] -- Added test 'lint_cmake' to check CMake code style
[1.037s] -- Added test 'pep257' to check Python code against some of the docstring style conventions in PEP 257
[1.040s] -- Added test 'xmllint' to check XML markup files
[1.041s] -- Configuring done
[1.042s] -- Generating done
[1.043s] -- Build files have been written to: /home/ubuntu/dev_ws/src/build/articubot_one
[1.046s] Invoked command in '/home/ubuntu/dev_ws/src/build/articubot_one' returned '0': CMAKE_PREFIX_PATH=/opt/ros/iron /usr/bin/cmake /home/ubuntu/dev_ws/src/articubot_one -DAMENT_CMAKE_SYMLINK_INSTALL=1 -DCMAKE_INSTALL_PREFIX=/home/ubuntu/dev_ws/src/install/articubot_one
[1.048s] Invoking command in '/home/ubuntu/dev_ws/src/build/articubot_one': CMAKE_PREFIX_PATH=/opt/ros/iron /usr/bin/cmake --build /home/ubuntu/dev_ws/src/build/articubot_one -- -j12 -l12
[1.072s] Invoked command in '/home/ubuntu/dev_ws/src/build/articubot_one' returned '0': CMAKE_PREFIX_PATH=/opt/ros/iron /usr/bin/cmake --build /home/ubuntu/dev_ws/src/build/articubot_one -- -j12 -l12
[1.092s] Invoking command in '/home/ubuntu/dev_ws/src/build/articubot_one': CMAKE_PREFIX_PATH=/opt/ros/iron /usr/bin/cmake --install /home/ubuntu/dev_ws/src/build/articubot_one
[1.097s] -- Install configuration: ""
[1.097s] -- Execute custom install script
[1.097s] -- Symlinking: /home/ubuntu/dev_ws/src/install/articubot_one/share/articubot_one/config/ball_tracker_params_robot.yaml
[1.103s] -- Symlinking: /home/ubuntu/dev_ws/src/install/articubot_one/share/articubot_one/config/ball_tracker_params_sim.yaml
[1.108s] -- Symlinking: /home/ubuntu/dev_ws/src/install/articubot_one/share/articubot_one/config/drive_bot.rviz
[1.114s] -- Symlinking: /home/ubuntu/dev_ws/src/install/articubot_one/share/articubot_one/config/empty.yaml
[1.124s] -- Symlinking: /home/ubuntu/dev_ws/src/install/articubot_one/share/articubot_one/config/gaz_ros2_ctl_use_sim.yaml
[1.136s] -- Symlinking: /home/ubuntu/dev_ws/src/install/articubot_one/share/articubot_one/config/gazebo_params.yaml
[1.148s] -- Symlinking: /home/ubuntu/dev_ws/src/install/articubot_one/share/articubot_one/config/joystick.yaml
[1.160s] -- Symlinking: /home/ubuntu/dev_ws/src/install/articubot_one/share/articubot_one/config/main.rviz
[1.172s] -- Symlinking: /home/ubuntu/dev_ws/src/install/articubot_one/share/articubot_one/config/map.rviz
[1.184s] -- Symlinking: /home/ubuntu/dev_ws/src/install/articubot_one/share/articubot_one/config/mapper_params_online_async.yaml
[1.196s] -- Symlinking: /home/ubuntu/dev_ws/src/install/articubot_one/share/articubot_one/config/my_controllers.yaml
[1.208s] -- Symlinking: /home/ubuntu/dev_ws/src/install/articubot_one/share/articubot_one/config/nav2_params.yaml
[1.221s] -- Symlinking: /home/ubuntu/dev_ws/src/install/articubot_one/share/articubot_one/config/twist_mux.yaml
[1.232s] -- Symlinking: /home/ubuntu/dev_ws/src/install/articubot_one/share/articubot_one/config/view_bot.rviz
[1.245s] -- Symlinking: /home/ubuntu/dev_ws/src/install/articubot_one/share/articubot_one/description/camera.xacro
[1.258s] -- Symlinking: /home/ubuntu/dev_ws/src/install/articubot_one/share/articubot_one/description/depth_camera.xacro
[1.270s] -- Symlinking: /home/ubuntu/dev_ws/src/install/articubot_one/share/articubot_one/description/face.xacro
[1.282s] -- Symlinking: /home/ubuntu/dev_ws/src/install/articubot_one/share/articubot_one/description/gazebo_control.xacro
[1.295s] -- Symlinking: /home/ubuntu/dev_ws/src/install/articubot_one/share/articubot_one/description/inertial_macros.xacro
[1.308s] -- Symlinking: /home/ubuntu/dev_ws/src/install/articubot_one/share/articubot_one/description/lidar.xacro
[1.316s] -- Symlinking: /home/ubuntu/dev_ws/src/install/articubot_one/share/articubot_one/description/robot.urdf.xacro
[1.321s] -- Symlinking: /home/ubuntu/dev_ws/src/install/articubot_one/share/articubot_one/description/robot_core.xacro
[1.327s] -- Symlinking: /home/ubuntu/dev_ws/src/install/articubot_one/share/articubot_one/description/ros2_control.xacro
[1.333s] -- Symlinking: /home/ubuntu/dev_ws/src/install/articubot_one/share/articubot_one/launch/ball_tracker.launch.py
[1.339s] -- Symlinking: /home/ubuntu/dev_ws/src/install/articubot_one/share/articubot_one/launch/camera.launch.py
[1.344s] -- Symlinking: /home/ubuntu/dev_ws/src/install/articubot_one/share/articubot_one/launch/joystick.launch.py
[1.350s] -- Symlinking: /home/ubuntu/dev_ws/src/install/articubot_one/share/articubot_one/launch/launch_robot.launch.py
[1.357s] -- Symlinking: /home/ubuntu/dev_ws/src/install/articubot_one/share/articubot_one/launch/launch_sim.launch.py
[1.369s] -- Symlinking: /home/ubuntu/dev_ws/src/install/articubot_one/share/articubot_one/launch/localization_launch.py
[1.379s] -- Symlinking: /home/ubuntu/dev_ws/src/install/articubot_one/share/articubot_one/launch/navigation_launch.py
[1.391s] -- Symlinking: /home/ubuntu/dev_ws/src/install/articubot_one/share/articubot_one/launch/online_async_launch.py
[1.403s] -- Symlinking: /home/ubuntu/dev_ws/src/install/articubot_one/share/articubot_one/launch/rplidar.launch.py
[1.415s] -- Symlinking: /home/ubuntu/dev_ws/src/install/articubot_one/share/articubot_one/launch/rsp.launch.py
[1.426s] -- Symlinking: /home/ubuntu/dev_ws/src/install/articubot_one/share/articubot_one/worlds/empty.world
[1.438s] -- Symlinking: /home/ubuntu/dev_ws/src/install/articubot_one/share/articubot_one/worlds/obstacles.world
[1.449s] -- Symlinking: /home/ubuntu/dev_ws/src/install/articubot_one/share/ament_index/resource_index/package_run_dependencies/articubot_one
[1.461s] -- Symlinking: /home/ubuntu/dev_ws/src/install/articubot_one/share/ament_index/resource_index/parent_prefix_path/articubot_one
[1.473s] -- Symlinking: /home/ubuntu/dev_ws/src/install/articubot_one/share/articubot_one/environment/ament_prefix_path.sh
[1.486s] -- Symlinking: /home/ubuntu/dev_ws/src/install/articubot_one/share/articubot_one/environment/ament_prefix_path.dsv
[1.498s] -- Symlinking: /home/ubuntu/dev_ws/src/install/articubot_one/share/articubot_one/environment/path.sh
[1.511s] -- Symlinking: /home/ubuntu/dev_ws/src/install/articubot_one/share/articubot_one/environment/path.dsv
[1.524s] -- Symlinking: /home/ubuntu/dev_ws/src/install/articubot_one/share/articubot_one/local_setup.bash
[1.537s] -- Symlinking: /home/ubuntu/dev_ws/src/install/articubot_one/share/articubot_one/local_setup.sh
[1.549s] -- Symlinking: /home/ubuntu/dev_ws/src/install/articubot_one/share/articubot_one/local_setup.zsh
[1.562s] -- Symlinking: /home/ubuntu/dev_ws/src/install/articubot_one/share/articubot_one/local_setup.dsv
[1.574s] -- Symlinking: /home/ubuntu/dev_ws/src/install/articubot_one/share/articubot_one/package.dsv
[1.587s] -- Symlinking: /home/ubuntu/dev_ws/src/install/articubot_one/share/ament_index/resource_index/packages/articubot_one
[1.599s] -- Symlinking: /home/ubuntu/dev_ws/src/install/articubot_one/share/articubot_one/cmake/articubot_oneConfig.cmake
[1.612s] -- Symlinking: /home/ubuntu/dev_ws/src/install/articubot_one/share/articubot_one/cmake/articubot_oneConfig-version.cmake
[1.624s] -- Symlinking: /home/ubuntu/dev_ws/src/install/articubot_one/share/articubot_one/package.xml
[1.639s] Invoked command in '/home/ubuntu/dev_ws/src/build/articubot_one' returned '0': CMAKE_PREFIX_PATH=/opt/ros/iron /usr/bin/cmake --install /home/ubuntu/dev_ws/src/build/articubot_one
