[0.040s] Invoking command in '/home/ubuntu/dev_ws/src/build/my_package': CMAKE_PREFIX_PATH=/opt/ros/iron /usr/bin/cmake --build /home/ubuntu/dev_ws/src/build/my_package -- -j12 -l12
[0.064s] Invoked command in '/home/ubuntu/dev_ws/src/build/my_package' returned '0': CMAKE_PREFIX_PATH=/opt/ros/iron /usr/bin/cmake --build /home/ubuntu/dev_ws/src/build/my_package -- -j12 -l12
[0.084s] Invoking command in '/home/ubuntu/dev_ws/src/build/my_package': CMAKE_PREFIX_PATH=/opt/ros/iron /usr/bin/cmake --install /home/ubuntu/dev_ws/src/build/my_package
[0.089s] -- Install configuration: ""
[0.089s] -- Execute custom install script
[0.090s] -- Up-to-date symlink: /home/ubuntu/dev_ws/src/install/my_package/share/my_package/launch/listener.launch.py
[0.090s] -- Up-to-date symlink: /home/ubuntu/dev_ws/src/install/my_package/share/my_package/launch/talker.launch.py
[0.090s] -- Up-to-date symlink: /home/ubuntu/dev_ws/src/install/my_package/share/ament_index/resource_index/package_run_dependencies/my_package
[0.090s] -- Up-to-date symlink: /home/ubuntu/dev_ws/src/install/my_package/share/ament_index/resource_index/parent_prefix_path/my_package
[0.090s] -- Up-to-date symlink: /home/ubuntu/dev_ws/src/install/my_package/share/my_package/environment/ament_prefix_path.sh
[0.090s] -- Up-to-date symlink: /home/ubuntu/dev_ws/src/install/my_package/share/my_package/environment/ament_prefix_path.dsv
[0.090s] -- Up-to-date symlink: /home/ubuntu/dev_ws/src/install/my_package/share/my_package/environment/path.sh
[0.090s] -- Up-to-date symlink: /home/ubuntu/dev_ws/src/install/my_package/share/my_package/environment/path.dsv
[0.091s] -- Up-to-date symlink: /home/ubuntu/dev_ws/src/install/my_package/share/my_package/local_setup.bash
[0.091s] -- Up-to-date symlink: /home/ubuntu/dev_ws/src/install/my_package/share/my_package/local_setup.sh
[0.091s] -- Up-to-date symlink: /home/ubuntu/dev_ws/src/install/my_package/share/my_package/local_setup.zsh
[0.091s] -- Up-to-date symlink: /home/ubuntu/dev_ws/src/install/my_package/share/my_package/local_setup.dsv
[0.091s] -- Symlinking: /home/ubuntu/dev_ws/src/install/my_package/share/my_package/package.dsv
[0.097s] -- Up-to-date symlink: /home/ubuntu/dev_ws/src/install/my_package/share/ament_index/resource_index/packages/my_package
[0.097s] -- Up-to-date symlink: /home/ubuntu/dev_ws/src/install/my_package/share/my_package/cmake/my_packageConfig.cmake
[0.097s] -- Up-to-date symlink: /home/ubuntu/dev_ws/src/install/my_package/share/my_package/cmake/my_packageConfig-version.cmake
[0.097s] -- Up-to-date symlink: /home/ubuntu/dev_ws/src/install/my_package/share/my_package/package.xml
[0.098s] Invoked command in '/home/ubuntu/dev_ws/src/build/my_package' returned '0': CMAKE_PREFIX_PATH=/opt/ros/iron /usr/bin/cmake --install /home/ubuntu/dev_ws/src/build/my_package
