[0.601s] DEBUG:colcon:Command line arguments: ['/usr/bin/colcon', 'build', '--symlink-install']
[0.601s] DEBUG:colcon:Parsed command line arguments: Namespace(log_base=None, log_level=None, verb_name='build', build_base='build', install_base='install', merge_install=False, symlink_install=True, test_result_base=None, continue_on_error=False, executor='parallel', parallel_workers=12, event_handlers=None, ignore_user_meta=False, metas=['./colcon.meta'], base_paths=['.'], packages_ignore=None, packages_ignore_regex=None, paths=None, packages_up_to=None, packages_up_to_regex=None, packages_above=None, packages_above_and_dependencies=None, packages_above_depth=None, packages_select_by_dep=None, packages_skip_by_dep=None, packages_skip_up_to=None, packages_select_build_failed=False, packages_skip_build_finished=False, packages_select_test_failures=False, packages_skip_test_passed=False, packages_select=None, packages_skip=None, packages_select_regex=None, packages_skip_regex=None, packages_start=None, packages_end=None, allow_overriding=[], cmake_args=None, cmake_target=None, cmake_target_skip_unavailable=False, cmake_clean_cache=False, cmake_clean_first=False, cmake_force_configure=False, ament_cmake_args=None, catkin_cmake_args=None, catkin_skip_building_tests=False, verb_parser=<colcon_defaults.argument_parser.defaults.DefaultArgumentsDecorator object at 0x7f0d02340340>, verb_extension=<colcon_core.verb.build.BuildVerb object at 0x7f0d02356b30>, main=<bound method BuildVerb.main of <colcon_core.verb.build.BuildVerb object at 0x7f0d02356b30>>)
[0.630s] Level 1:colcon.colcon_core.package_discovery:discover_packages(colcon_meta) check parameters
[0.630s] Level 1:colcon.colcon_core.package_discovery:discover_packages(recursive) check parameters
[0.630s] Level 1:colcon.colcon_core.package_discovery:discover_packages(ignore) check parameters
[0.630s] Level 1:colcon.colcon_core.package_discovery:discover_packages(path) check parameters
[0.630s] Level 1:colcon.colcon_core.package_discovery:discover_packages(colcon_meta) discover
[0.630s] Level 1:colcon.colcon_core.package_discovery:discover_packages(recursive) discover
[0.630s] INFO:colcon.colcon_core.package_discovery:Crawling recursively for packages in '/home/ubuntu/dev_ws/src'
[0.630s] Level 1:colcon.colcon_core.package_identification:_identify(.) by extensions ['ignore', 'ignore_ament_install']
[0.630s] Level 1:colcon.colcon_core.package_identification:_identify(.) by extension 'ignore'
[0.630s] Level 1:colcon.colcon_core.package_identification:_identify(.) by extension 'ignore_ament_install'
[0.630s] Level 1:colcon.colcon_core.package_identification:_identify(.) by extensions ['colcon_pkg']
[0.630s] Level 1:colcon.colcon_core.package_identification:_identify(.) by extension 'colcon_pkg'
[0.630s] Level 1:colcon.colcon_core.package_identification:_identify(.) by extensions ['colcon_meta']
[0.630s] Level 1:colcon.colcon_core.package_identification:_identify(.) by extension 'colcon_meta'
[0.630s] Level 1:colcon.colcon_core.package_identification:_identify(.) by extensions ['ros']
[0.630s] Level 1:colcon.colcon_core.package_identification:_identify(.) by extension 'ros'
[0.638s] Level 1:colcon.colcon_core.package_identification:_identify(.) by extensions ['cmake', 'python']
[0.638s] Level 1:colcon.colcon_core.package_identification:_identify(.) by extension 'cmake'
[0.638s] Level 1:colcon.colcon_core.package_identification:_identify(.) by extension 'python'
[0.638s] Level 1:colcon.colcon_core.package_identification:_identify(.) by extensions ['python_setup_py']
[0.638s] Level 1:colcon.colcon_core.package_identification:_identify(.) by extension 'python_setup_py'
[0.638s] Level 1:colcon.colcon_core.package_identification:_identify(articubot_one) by extensions ['ignore', 'ignore_ament_install']
[0.638s] Level 1:colcon.colcon_core.package_identification:_identify(articubot_one) by extension 'ignore'
[0.638s] Level 1:colcon.colcon_core.package_identification:_identify(articubot_one) by extension 'ignore_ament_install'
[0.638s] Level 1:colcon.colcon_core.package_identification:_identify(articubot_one) by extensions ['colcon_pkg']
[0.638s] Level 1:colcon.colcon_core.package_identification:_identify(articubot_one) by extension 'colcon_pkg'
[0.638s] Level 1:colcon.colcon_core.package_identification:_identify(articubot_one) by extensions ['colcon_meta']
[0.638s] Level 1:colcon.colcon_core.package_identification:_identify(articubot_one) by extension 'colcon_meta'
[0.638s] Level 1:colcon.colcon_core.package_identification:_identify(articubot_one) by extensions ['ros']
[0.638s] Level 1:colcon.colcon_core.package_identification:_identify(articubot_one) by extension 'ros'
[0.640s] DEBUG:colcon.colcon_core.package_identification:Package 'articubot_one' with type 'ros.ament_cmake' and name 'articubot_one'
[0.640s] Level 1:colcon.colcon_core.package_identification:_identify(build) by extensions ['ignore', 'ignore_ament_install']
[0.640s] Level 1:colcon.colcon_core.package_identification:_identify(build) by extension 'ignore'
[0.640s] Level 1:colcon.colcon_core.package_identification:_identify(build) ignored
[0.640s] Level 1:colcon.colcon_core.package_identification:_identify(install) by extensions ['ignore', 'ignore_ament_install']
[0.640s] Level 1:colcon.colcon_core.package_identification:_identify(install) by extension 'ignore'
[0.640s] Level 1:colcon.colcon_core.package_identification:_identify(install) ignored
[0.640s] Level 1:colcon.colcon_core.package_identification:_identify(log) by extensions ['ignore', 'ignore_ament_install']
[0.640s] Level 1:colcon.colcon_core.package_identification:_identify(log) by extension 'ignore'
[0.640s] Level 1:colcon.colcon_core.package_identification:_identify(log) ignored
[0.641s] Level 1:colcon.colcon_core.package_identification:_identify(my_package) by extensions ['ignore', 'ignore_ament_install']
[0.641s] Level 1:colcon.colcon_core.package_identification:_identify(my_package) by extension 'ignore'
[0.641s] Level 1:colcon.colcon_core.package_identification:_identify(my_package) by extension 'ignore_ament_install'
[0.641s] Level 1:colcon.colcon_core.package_identification:_identify(my_package) by extensions ['colcon_pkg']
[0.641s] Level 1:colcon.colcon_core.package_identification:_identify(my_package) by extension 'colcon_pkg'
[0.641s] Level 1:colcon.colcon_core.package_identification:_identify(my_package) by extensions ['colcon_meta']
[0.641s] Level 1:colcon.colcon_core.package_identification:_identify(my_package) by extension 'colcon_meta'
[0.641s] Level 1:colcon.colcon_core.package_identification:_identify(my_package) by extensions ['ros']
[0.641s] Level 1:colcon.colcon_core.package_identification:_identify(my_package) by extension 'ros'
[0.641s] DEBUG:colcon.colcon_core.package_identification:Package 'my_package' with type 'ros.ament_cmake' and name 'my_package'
[0.641s] Level 1:colcon.colcon_core.package_discovery:discover_packages(recursive) using defaults
[0.641s] Level 1:colcon.colcon_core.package_discovery:discover_packages(ignore) discover
[0.641s] Level 1:colcon.colcon_core.package_discovery:discover_packages(ignore) using defaults
[0.641s] Level 1:colcon.colcon_core.package_discovery:discover_packages(path) discover
[0.641s] Level 1:colcon.colcon_core.package_discovery:discover_packages(path) using defaults
[0.696s] Level 1:colcon.colcon_core.package_discovery:discover_packages(prefix_path) check parameters
[0.696s] Level 1:colcon.colcon_core.package_discovery:discover_packages(prefix_path) discover
[0.715s] DEBUG:colcon.colcon_installed_package_information.package_discovery:Found 291 installed packages in /opt/ros/iron
[0.716s] Level 1:colcon.colcon_core.package_discovery:discover_packages(prefix_path) using defaults
[0.775s] Level 5:colcon.colcon_core.verb:set package 'articubot_one' build argument 'cmake_args' from command line to 'None'
[0.775s] Level 5:colcon.colcon_core.verb:set package 'articubot_one' build argument 'cmake_target' from command line to 'None'
[0.775s] Level 5:colcon.colcon_core.verb:set package 'articubot_one' build argument 'cmake_target_skip_unavailable' from command line to 'False'
[0.775s] Level 5:colcon.colcon_core.verb:set package 'articubot_one' build argument 'cmake_clean_cache' from command line to 'False'
[0.775s] Level 5:colcon.colcon_core.verb:set package 'articubot_one' build argument 'cmake_clean_first' from command line to 'False'
[0.775s] Level 5:colcon.colcon_core.verb:set package 'articubot_one' build argument 'cmake_force_configure' from command line to 'False'
[0.775s] Level 5:colcon.colcon_core.verb:set package 'articubot_one' build argument 'ament_cmake_args' from command line to 'None'
[0.775s] Level 5:colcon.colcon_core.verb:set package 'articubot_one' build argument 'catkin_cmake_args' from command line to 'None'
[0.775s] Level 5:colcon.colcon_core.verb:set package 'articubot_one' build argument 'catkin_skip_building_tests' from command line to 'False'
[0.775s] DEBUG:colcon.colcon_core.verb:Building package 'articubot_one' with the following arguments: {'ament_cmake_args': None, 'build_base': '/home/ubuntu/dev_ws/src/build/articubot_one', 'catkin_cmake_args': None, 'catkin_skip_building_tests': False, 'cmake_args': None, 'cmake_clean_cache': False, 'cmake_clean_first': False, 'cmake_force_configure': False, 'cmake_target': None, 'cmake_target_skip_unavailable': False, 'install_base': '/home/ubuntu/dev_ws/src/install/articubot_one', 'merge_install': False, 'path': '/home/ubuntu/dev_ws/src/articubot_one', 'symlink_install': True, 'test_result_base': None}
[0.784s] Level 5:colcon.colcon_core.verb:set package 'my_package' build argument 'cmake_args' from command line to 'None'
[0.784s] Level 5:colcon.colcon_core.verb:set package 'my_package' build argument 'cmake_target' from command line to 'None'
[0.784s] Level 5:colcon.colcon_core.verb:set package 'my_package' build argument 'cmake_target_skip_unavailable' from command line to 'False'
[0.784s] Level 5:colcon.colcon_core.verb:set package 'my_package' build argument 'cmake_clean_cache' from command line to 'False'
[0.784s] Level 5:colcon.colcon_core.verb:set package 'my_package' build argument 'cmake_clean_first' from command line to 'False'
[0.784s] Level 5:colcon.colcon_core.verb:set package 'my_package' build argument 'cmake_force_configure' from command line to 'False'
[0.784s] Level 5:colcon.colcon_core.verb:set package 'my_package' build argument 'ament_cmake_args' from command line to 'None'
[0.784s] Level 5:colcon.colcon_core.verb:set package 'my_package' build argument 'catkin_cmake_args' from command line to 'None'
[0.784s] Level 5:colcon.colcon_core.verb:set package 'my_package' build argument 'catkin_skip_building_tests' from command line to 'False'
[0.784s] DEBUG:colcon.colcon_core.verb:Building package 'my_package' with the following arguments: {'ament_cmake_args': None, 'build_base': '/home/ubuntu/dev_ws/src/build/my_package', 'catkin_cmake_args': None, 'catkin_skip_building_tests': False, 'cmake_args': None, 'cmake_clean_cache': False, 'cmake_clean_first': False, 'cmake_force_configure': False, 'cmake_target': None, 'cmake_target_skip_unavailable': False, 'install_base': '/home/ubuntu/dev_ws/src/install/my_package', 'merge_install': False, 'path': '/home/ubuntu/dev_ws/src/my_package', 'symlink_install': True, 'test_result_base': None}
[0.793s] INFO:colcon.colcon_core.executor:Executing jobs using 'parallel' executor
[0.802s] DEBUG:colcon.colcon_parallel_executor.executor.parallel:run_until_complete
[0.802s] INFO:colcon.colcon_ros.task.ament_cmake.build:Building ROS package in '/home/ubuntu/dev_ws/src/articubot_one' with build type 'ament_cmake'
[0.802s] INFO:colcon.colcon_cmake.task.cmake.build:Building CMake package in '/home/ubuntu/dev_ws/src/articubot_one'
[0.812s] INFO:colcon.colcon_core.plugin_system:Skipping extension 'colcon_core.shell.bat': Not used on non-Windows systems
[0.812s] INFO:colcon.colcon_core.shell:Skip shell extension 'powershell' for command environment: Not usable outside of PowerShell
[0.812s] DEBUG:colcon.colcon_core.shell:Skip shell extension 'dsv' for command environment
[0.831s] INFO:colcon.colcon_ros.task.ament_cmake.build:Building ROS package in '/home/ubuntu/dev_ws/src/my_package' with build type 'ament_cmake'
[0.831s] INFO:colcon.colcon_cmake.task.cmake.build:Building CMake package in '/home/ubuntu/dev_ws/src/my_package'
[0.840s] INFO:colcon.colcon_core.shell:Skip shell extension 'powershell' for command environment: Not usable outside of PowerShell
[0.840s] DEBUG:colcon.colcon_core.shell:Skip shell extension 'dsv' for command environment
[0.869s] DEBUG:colcon.colcon_core.event_handler.log_command:Invoking command in '/home/ubuntu/dev_ws/src/build/articubot_one': CMAKE_PREFIX_PATH=/opt/ros/iron /usr/bin/cmake --build /home/ubuntu/dev_ws/src/build/articubot_one -- -j12 -l12
[0.872s] DEBUG:colcon.colcon_core.event_handler.log_command:Invoking command in '/home/ubuntu/dev_ws/src/build/my_package': CMAKE_PREFIX_PATH=/opt/ros/iron /usr/bin/cmake --build /home/ubuntu/dev_ws/src/build/my_package -- -j12 -l12
[0.894s] DEBUG:colcon.colcon_core.event_handler.log_command:Invoked command in '/home/ubuntu/dev_ws/src/build/articubot_one' returned '0': CMAKE_PREFIX_PATH=/opt/ros/iron /usr/bin/cmake --build /home/ubuntu/dev_ws/src/build/articubot_one -- -j12 -l12
[0.896s] DEBUG:colcon.colcon_core.event_handler.log_command:Invoked command in '/home/ubuntu/dev_ws/src/build/my_package' returned '0': CMAKE_PREFIX_PATH=/opt/ros/iron /usr/bin/cmake --build /home/ubuntu/dev_ws/src/build/my_package -- -j12 -l12
[0.914s] DEBUG:colcon.colcon_core.event_handler.log_command:Invoking command in '/home/ubuntu/dev_ws/src/build/articubot_one': CMAKE_PREFIX_PATH=/opt/ros/iron /usr/bin/cmake --install /home/ubuntu/dev_ws/src/build/articubot_one
[0.916s] DEBUG:colcon.colcon_core.event_handler.log_command:Invoking command in '/home/ubuntu/dev_ws/src/build/my_package': CMAKE_PREFIX_PATH=/opt/ros/iron /usr/bin/cmake --install /home/ubuntu/dev_ws/src/build/my_package
[0.930s] Level 1:colcon.colcon_core.environment:create_environment_scripts_only(my_package)
[0.930s] DEBUG:colcon.colcon_core.event_handler.log_command:Invoked command in '/home/ubuntu/dev_ws/src/build/my_package' returned '0': CMAKE_PREFIX_PATH=/opt/ros/iron /usr/bin/cmake --install /home/ubuntu/dev_ws/src/build/my_package
[0.940s] Level 1:colcon.colcon_core.environment:checking '/home/ubuntu/dev_ws/src/install/my_package' for CMake module files
[0.941s] Level 1:colcon.colcon_core.environment:checking '/home/ubuntu/dev_ws/src/install/my_package' for CMake config files
[0.941s] Level 1:colcon.colcon_core.shell:create_environment_hook('my_package', 'cmake_prefix_path')
[0.950s] INFO:colcon.colcon_core.shell:Creating environment hook '/home/ubuntu/dev_ws/src/install/my_package/share/my_package/hook/cmake_prefix_path.ps1'
[0.950s] INFO:colcon.colcon_core.shell:Creating environment descriptor '/home/ubuntu/dev_ws/src/install/my_package/share/my_package/hook/cmake_prefix_path.dsv'
[0.951s] INFO:colcon.colcon_core.shell:Creating environment hook '/home/ubuntu/dev_ws/src/install/my_package/share/my_package/hook/cmake_prefix_path.sh'
[0.951s] Level 1:colcon.colcon_core.environment:checking '/home/ubuntu/dev_ws/src/install/my_package/bin'
[0.951s] Level 1:colcon.colcon_core.environment:checking '/home/ubuntu/dev_ws/src/install/my_package/lib/pkgconfig/my_package.pc'
[0.951s] Level 1:colcon.colcon_core.environment:checking '/home/ubuntu/dev_ws/src/install/my_package/lib/python3.10/site-packages'
[0.952s] Level 1:colcon.colcon_core.environment:checking '/home/ubuntu/dev_ws/src/install/my_package/bin'
[0.960s] INFO:colcon.colcon_core.shell:Creating package script '/home/ubuntu/dev_ws/src/install/my_package/share/my_package/package.ps1'
[0.961s] INFO:colcon.colcon_core.shell:Creating package descriptor '/home/ubuntu/dev_ws/src/install/my_package/share/my_package/package.dsv'
[0.961s] INFO:colcon.colcon_core.shell:Creating package script '/home/ubuntu/dev_ws/src/install/my_package/share/my_package/package.sh'
[0.962s] INFO:colcon.colcon_core.shell:Creating package script '/home/ubuntu/dev_ws/src/install/my_package/share/my_package/package.bash'
[0.962s] INFO:colcon.colcon_core.shell:Creating package script '/home/ubuntu/dev_ws/src/install/my_package/share/my_package/package.zsh'
[0.962s] Level 1:colcon.colcon_core.environment:create_file_with_runtime_dependencies(/home/ubuntu/dev_ws/src/install/my_package/share/colcon-core/packages/my_package)
[0.963s] Level 1:colcon.colcon_core.environment:create_environment_scripts_only(articubot_one)
[0.964s] DEBUG:colcon.colcon_core.event_handler.log_command:Invoked command in '/home/ubuntu/dev_ws/src/build/articubot_one' returned '0': CMAKE_PREFIX_PATH=/opt/ros/iron /usr/bin/cmake --install /home/ubuntu/dev_ws/src/build/articubot_one
[0.973s] Level 1:colcon.colcon_core.environment:checking '/home/ubuntu/dev_ws/src/install/articubot_one' for CMake module files
[0.973s] Level 1:colcon.colcon_core.environment:checking '/home/ubuntu/dev_ws/src/install/articubot_one' for CMake config files
[0.974s] Level 1:colcon.colcon_core.shell:create_environment_hook('articubot_one', 'cmake_prefix_path')
[0.983s] INFO:colcon.colcon_core.shell:Creating environment hook '/home/ubuntu/dev_ws/src/install/articubot_one/share/articubot_one/hook/cmake_prefix_path.ps1'
[0.983s] INFO:colcon.colcon_core.shell:Creating environment descriptor '/home/ubuntu/dev_ws/src/install/articubot_one/share/articubot_one/hook/cmake_prefix_path.dsv'
[0.983s] INFO:colcon.colcon_core.shell:Creating environment hook '/home/ubuntu/dev_ws/src/install/articubot_one/share/articubot_one/hook/cmake_prefix_path.sh'
[0.984s] Level 1:colcon.colcon_core.environment:checking '/home/ubuntu/dev_ws/src/install/articubot_one/bin'
[0.984s] Level 1:colcon.colcon_core.environment:checking '/home/ubuntu/dev_ws/src/install/articubot_one/lib/pkgconfig/articubot_one.pc'
[0.984s] Level 1:colcon.colcon_core.environment:checking '/home/ubuntu/dev_ws/src/install/articubot_one/lib/python3.10/site-packages'
[0.984s] Level 1:colcon.colcon_core.environment:checking '/home/ubuntu/dev_ws/src/install/articubot_one/bin'
[0.993s] INFO:colcon.colcon_core.shell:Creating package script '/home/ubuntu/dev_ws/src/install/articubot_one/share/articubot_one/package.ps1'
[0.993s] INFO:colcon.colcon_core.shell:Creating package descriptor '/home/ubuntu/dev_ws/src/install/articubot_one/share/articubot_one/package.dsv'
[0.993s] INFO:colcon.colcon_core.shell:Creating package script '/home/ubuntu/dev_ws/src/install/articubot_one/share/articubot_one/package.sh'
[0.994s] INFO:colcon.colcon_core.shell:Creating package script '/home/ubuntu/dev_ws/src/install/articubot_one/share/articubot_one/package.bash'
[0.994s] INFO:colcon.colcon_core.shell:Creating package script '/home/ubuntu/dev_ws/src/install/articubot_one/share/articubot_one/package.zsh'
[0.994s] Level 1:colcon.colcon_core.environment:create_file_with_runtime_dependencies(/home/ubuntu/dev_ws/src/install/articubot_one/share/colcon-core/packages/articubot_one)
[1.004s] Level 1:colcon.colcon_core.environment:create_environment_scripts_only(my_package)
[1.013s] Level 1:colcon.colcon_core.environment:checking '/home/ubuntu/dev_ws/src/install/my_package' for CMake module files
[1.013s] Level 1:colcon.colcon_core.environment:checking '/home/ubuntu/dev_ws/src/install/my_package' for CMake config files
[1.014s] Level 1:colcon.colcon_core.shell:create_environment_hook('my_package', 'cmake_prefix_path')
[1.022s] INFO:colcon.colcon_core.shell:Creating environment hook '/home/ubuntu/dev_ws/src/install/my_package/share/my_package/hook/cmake_prefix_path.ps1'
[1.022s] INFO:colcon.colcon_core.shell:Creating environment descriptor '/home/ubuntu/dev_ws/src/install/my_package/share/my_package/hook/cmake_prefix_path.dsv'
[1.023s] INFO:colcon.colcon_core.shell:Creating environment hook '/home/ubuntu/dev_ws/src/install/my_package/share/my_package/hook/cmake_prefix_path.sh'
[1.023s] Level 1:colcon.colcon_core.environment:checking '/home/ubuntu/dev_ws/src/install/my_package/bin'
[1.023s] Level 1:colcon.colcon_core.environment:checking '/home/ubuntu/dev_ws/src/install/my_package/lib/pkgconfig/my_package.pc'
[1.023s] Level 1:colcon.colcon_core.environment:checking '/home/ubuntu/dev_ws/src/install/my_package/lib/python3.10/site-packages'
[1.023s] Level 1:colcon.colcon_core.environment:checking '/home/ubuntu/dev_ws/src/install/my_package/bin'
[1.032s] INFO:colcon.colcon_core.shell:Creating package script '/home/ubuntu/dev_ws/src/install/my_package/share/my_package/package.ps1'
[1.033s] INFO:colcon.colcon_core.shell:Creating package descriptor '/home/ubuntu/dev_ws/src/install/my_package/share/my_package/package.dsv'
[1.033s] INFO:colcon.colcon_core.shell:Creating package script '/home/ubuntu/dev_ws/src/install/my_package/share/my_package/package.sh'
[1.033s] INFO:colcon.colcon_core.shell:Creating package script '/home/ubuntu/dev_ws/src/install/my_package/share/my_package/package.bash'
[1.033s] INFO:colcon.colcon_core.shell:Creating package script '/home/ubuntu/dev_ws/src/install/my_package/share/my_package/package.zsh'
[1.034s] Level 1:colcon.colcon_core.environment:create_file_with_runtime_dependencies(/home/ubuntu/dev_ws/src/install/my_package/share/colcon-core/packages/my_package)
[1.043s] Level 1:colcon.colcon_core.environment:create_environment_scripts_only(articubot_one)
[1.052s] Level 1:colcon.colcon_core.environment:checking '/home/ubuntu/dev_ws/src/install/articubot_one' for CMake module files
[1.052s] Level 1:colcon.colcon_core.environment:checking '/home/ubuntu/dev_ws/src/install/articubot_one' for CMake config files
[1.053s] Level 1:colcon.colcon_core.shell:create_environment_hook('articubot_one', 'cmake_prefix_path')
[1.061s] INFO:colcon.colcon_core.shell:Creating environment hook '/home/ubuntu/dev_ws/src/install/articubot_one/share/articubot_one/hook/cmake_prefix_path.ps1'
[1.062s] INFO:colcon.colcon_core.shell:Creating environment descriptor '/home/ubuntu/dev_ws/src/install/articubot_one/share/articubot_one/hook/cmake_prefix_path.dsv'
[1.062s] INFO:colcon.colcon_core.shell:Creating environment hook '/home/ubuntu/dev_ws/src/install/articubot_one/share/articubot_one/hook/cmake_prefix_path.sh'
[1.062s] Level 1:colcon.colcon_core.environment:checking '/home/ubuntu/dev_ws/src/install/articubot_one/bin'
[1.062s] Level 1:colcon.colcon_core.environment:checking '/home/ubuntu/dev_ws/src/install/articubot_one/lib/pkgconfig/articubot_one.pc'
[1.062s] Level 1:colcon.colcon_core.environment:checking '/home/ubuntu/dev_ws/src/install/articubot_one/lib/python3.10/site-packages'
[1.062s] Level 1:colcon.colcon_core.environment:checking '/home/ubuntu/dev_ws/src/install/articubot_one/bin'
[1.071s] INFO:colcon.colcon_core.shell:Creating package script '/home/ubuntu/dev_ws/src/install/articubot_one/share/articubot_one/package.ps1'
[1.072s] INFO:colcon.colcon_core.shell:Creating package descriptor '/home/ubuntu/dev_ws/src/install/articubot_one/share/articubot_one/package.dsv'
[1.072s] INFO:colcon.colcon_core.shell:Creating package script '/home/ubuntu/dev_ws/src/install/articubot_one/share/articubot_one/package.sh'
[1.072s] INFO:colcon.colcon_core.shell:Creating package script '/home/ubuntu/dev_ws/src/install/articubot_one/share/articubot_one/package.bash'
[1.072s] INFO:colcon.colcon_core.shell:Creating package script '/home/ubuntu/dev_ws/src/install/articubot_one/share/articubot_one/package.zsh'
[1.073s] Level 1:colcon.colcon_core.environment:create_file_with_runtime_dependencies(/home/ubuntu/dev_ws/src/install/articubot_one/share/colcon-core/packages/articubot_one)
[1.073s] DEBUG:colcon.colcon_parallel_executor.executor.parallel:closing loop
[1.073s] DEBUG:colcon.colcon_parallel_executor.executor.parallel:loop closed
[1.073s] DEBUG:colcon.colcon_parallel_executor.executor.parallel:run_until_complete finished with '0'
[1.073s] DEBUG:colcon.colcon_core.event_reactor:joining thread
[1.085s] INFO:colcon.colcon_core.plugin_system:Skipping extension 'colcon_notification.desktop_notification.terminal_notifier': Not used on non-Darwin systems
[1.085s] INFO:colcon.colcon_core.plugin_system:Skipping extension 'colcon_notification.desktop_notification.win32': Not used on non-Windows systems
[1.085s] INFO:colcon.colcon_notification.desktop_notification:Sending desktop notification using 'notify2'
[1.093s] DEBUG:colcon.colcon_core.event_reactor:joined thread
[1.103s] INFO:colcon.colcon_core.shell:Creating prefix script '/home/ubuntu/dev_ws/src/install/local_setup.ps1'
[1.104s] INFO:colcon.colcon_core.shell:Creating prefix util module '/home/ubuntu/dev_ws/src/install/_local_setup_util_ps1.py'
[1.105s] INFO:colcon.colcon_core.shell:Creating prefix chain script '/home/ubuntu/dev_ws/src/install/setup.ps1'
[1.114s] INFO:colcon.colcon_core.shell:Creating prefix script '/home/ubuntu/dev_ws/src/install/local_setup.sh'
[1.115s] INFO:colcon.colcon_core.shell:Creating prefix util module '/home/ubuntu/dev_ws/src/install/_local_setup_util_sh.py'
[1.115s] INFO:colcon.colcon_core.shell:Creating prefix chain script '/home/ubuntu/dev_ws/src/install/setup.sh'
[1.124s] INFO:colcon.colcon_core.shell:Creating prefix script '/home/ubuntu/dev_ws/src/install/local_setup.bash'
[1.125s] INFO:colcon.colcon_core.shell:Creating prefix chain script '/home/ubuntu/dev_ws/src/install/setup.bash'
[1.134s] INFO:colcon.colcon_core.shell:Creating prefix script '/home/ubuntu/dev_ws/src/install/local_setup.zsh'
[1.135s] INFO:colcon.colcon_core.shell:Creating prefix chain script '/home/ubuntu/dev_ws/src/install/setup.zsh'
